<?xml version="1.0" encoding="UTF-8"?>
<!-- Generated by org.testng.reporters.JUnitReportReporter -->
<testsuite hostname="Pc" failures="0" tests="1" name="demo1.mavenprojectdemo.MavenDemo" time="0.060" errors="0" timestamp="2021-11-25T07:56:23 IST" skipped="0">
  <testcase classname="demo1.mavenprojectdemo.MavenDemo" name="demo" time="0.060"/>
  <system-out/>
</testsuite> <!-- demo1.mavenprojectdemo.MavenDemo -->
