<?xml version="1.0" encoding="UTF-8"?>
<!-- Generated by org.testng.reporters.JUnitReportReporter -->
<testsuite skipped="0" hostname="Pc" name="demo1.mavenprojectdemo.NewGitProject" tests="1" failures="0" timestamp="2021-11-27T15:07:44 IST" time="0.054" errors="0">
  <testcase name="pro" time="0.054" classname="demo1.mavenprojectdemo.NewGitProject"/>
  <system-out/>
</testsuite> <!-- demo1.mavenprojectdemo.NewGitProject -->
