<?xml version="1.0" encoding="UTF-8"?>
<!-- Generated by org.testng.reporters.JUnitReportReporter -->
<testsuite skipped="0" hostname="Pc" name="demo1.mavenprojectdemo.MavenDemo2" tests="1" failures="0" timestamp="2021-11-28T19:36:52 IST" time="0.011" errors="0">
  <testcase name="addition" time="0.011" classname="demo1.mavenprojectdemo.MavenDemo2"/>
  <system-out/>
</testsuite> <!-- demo1.mavenprojectdemo.MavenDemo2 -->
